<?xml version="1.0" encoding="UTF-8"?>
<!-- Generated by org.testng.reporters.JUnitXMLReporter -->
<testsuite hostname="DESKTOP-VA9V275" ignored="0" name="Test" tests="6" failures="0" timestamp="11 May 2023 09:43:04 GMT" time="0.026" errors="0">
  <testcase name="TestFive" time="0.01" classname="demo.jenkins.JenkinsDemo"/>
  <testcase name="TestFour" time="0.0" classname="demo.jenkins.JenkinsDemo"/>
  <testcase name="TestOne" time="0.001" classname="demo.jenkins.JenkinsDemo"/>
  <testcase name="TestSix" time="0.0" classname="demo.jenkins.JenkinsDemo"/>
  <testcase name="TestThree" time="0.0" classname="demo.jenkins.JenkinsDemo"/>
  <testcase name="TestTwo" time="0.001" classname="demo.jenkins.JenkinsDemo"/>
</testsuite> <!-- Test -->
